Arguments: 
  C:\Program Files\nodejs\node.exe C:\Users\hp\AppData\Roaming\npm\node_modules\yarn\bin\yarn.js add json-server

PATH: 
  C:\WINDOWS\system32;C:\WINDOWS;C:\WINDOWS\System32\Wbem;C:\WINDOWS\System32\WindowsPowerShell\v1.0\;C:\Program Files\Git\cmd;C:\Program Files\nodejs\;C:\WINDOWS\System32\OpenSSH\;C:\Program Files\Dart\dart-sdk\bin;C:\Program Files\Java\jdk-11.0.2\bin;C:\Program Files (x86)\Bitvise SSH Client;C:\Users\hp\AppData\Local\Yarn\bin;C:\Users\hp\AppData\Local\Programs\Python\Python37\Scripts\;C:\Users\hp\AppData\Local\Programs\Python\Python37\;C:\Users\hp\AppData\Local\Microsoft\WindowsApps;C:\Program Files\heroku\bin;C:\Users\hp\AppData\Roaming\npm;C:\Users\hp\src\flutter\bin;;C:\Program Files\JetBrains\IntelliJ IDEA Community Edition 2018.3.3\bin;;C:\Users\hp\AppData\Local\Programs\Microsoft VS Code\bin

Yarn version: 
  1.15.2

Node version: 
  10.15.0

Platform: 
  win32 x64

Trace: 
  Error: connect ETIMEDOUT 104.16.27.35:443
      at TCPConnectWrap.afterConnect [as oncomplete] (net.js:1117:14)

npm manifest: 
  {
    "name": "fdsms",
    "version": "1.0.0",
    "description": "",
    "main": "index.js",
    "scripts": {
      "test": "echo \"Error: no test specified\" && exit 1"
    },
    "keywords": [],
    "author": "",
    "license": "ISC"
  }

yarn manifest: 
  No manifest

Lockfile: 
  No lockfile
